Module(
    body=[
        Assign(
            targets=[
                Name(id='no_duplicates', ctx=Store())],
            value=Dict(
                keys=[
                    Constant(value='first'),
                    Constant(value='second')],
                values=[
                    Constant(value=1),
                    Constant(value=2)])),
        Assign(
            targets=[
                Name(id='has_duplicates', ctx=Store())],
            value=Dict(
                keys=[
                    Constant(value='third'),
                    Constant(value='fourth'),
                    Constant(value='fourth'),
                    Constant(value='third')],
                values=[
                    Constant(value=3),
                    Constant(value=4),
                    Constant(value=5),
                    Constant(value=6)]))],
    type_ignores=[])
