Module(
    body=[
        FunctionDef(
            name='double',
            args=arguments(
                posonlyargs=[],
                args=[
                    arg(arg='x')],
                kwonlyargs=[],
                kw_defaults=[],
                defaults=[]),
            body=[
                Return(
                    value=BinOp(
                        left=Constant(value=2),
                        op=Mult(),
                        right=Name(id='x', ctx=Load())))],
            decorator_list=[]),
        Assign(
            targets=[
                Name(id='result', ctx=Store())],
            value=Call(
                func=Name(id='double', ctx=Load()),
                args=[
                    Constant(value=3)],
                keywords=[])),
        Expr(
            value=Call(
                func=Name(id='print', ctx=Load()),
                args=[
                    Name(id='result', ctx=Load())],
                keywords=[]))],
    type_ignores=[])
