         3007281 function calls (3003108 primitive calls) in 2.120 seconds

   Ordered by: internal time

   ncalls  tottime  percall  cumtime  percall filename:lineno(function)
  2319840    0.671    0.000    0.671    0.000 util.py:10(<genexpr>)
        5    0.271    0.054    0.521    0.104 df_col.py:50(filter)
     1660    0.261    0.000    0.261    0.000 timing.py:20(<dictcomp>)
8066/3916    0.213    0.000    1.056    0.000 {built-in method builtins.all}
     1660    0.191    0.000    0.191    0.000 df_col.py:53(<dictcomp>)
     4150    0.165    0.000    1.048    0.000 util.py:7(dict_match)
     1660    0.144    0.000    0.144    0.000 timing.py:13(<listcomp>)
        5    0.061    0.012    0.062    0.012 df_row.py:49(<listcomp>)
   631305    0.054    0.000    0.054    0.000 {method 'append' of 'list' objects}
     1660    0.049    0.000    0.049    0.000 df_row.py:43(<dictcomp>)
        1    0.008    0.008    2.120    2.120 timing.py:1(<module>)
     4165    0.004    0.000    1.052    0.000 df_row.py:8(<genexpr>)
       15    0.003    0.000    0.008    0.001 df_col.py:6(__init__)
        5    0.002    0.000    0.148    0.030 timing.py:14(<dictcomp>)
     1660    0.002    0.000    0.263    0.000 timing.py:19(_row)
     1660    0.002    0.000    0.146    0.000 timing.py:12(_col)
     3891    0.002    0.000    0.004    0.000 util.py:2(all_eq)
     3320    0.002    0.000    0.002    0.000 timing.py:31(f)
       10    0.001    0.000    0.244    0.024 timing.py:41(time_select)
       10    0.001    0.000    0.872    0.087 timing.py:30(time_filter)
        1    0.001    0.001    2.109    2.109 timing.py:50(sweep)
     7782    0.001    0.000    0.001    0.000 util.py:3(<genexpr>)
        5    0.001    0.000    0.264    0.053 timing.py:23(<listcomp>)
     8305    0.001    0.000    0.001    0.000 {method 'keys' of 'dict' objects}
        5    0.001    0.000    0.050    0.010 df_row.py:43(<listcomp>)
        1    0.000    0.000    0.000    0.000 {built-in method _imp.create_dynamic}
     3876    0.000    0.000    0.000    0.000 df_col.py:10(<genexpr>)
       10    0.000    0.000    0.000    0.000 timing.py:42(<listcomp>)
        6    0.000    0.000    0.000    0.000 {built-in method posix.getcwd}
        5    0.000    0.000    0.000    0.000 timing.py:18(<listcomp>)
        5    0.000    0.000    0.152    0.030 timing.py:11(make_col)
       10    0.000    0.000    0.000    0.000 timing.py:43(<listcomp>)
        5    0.000    0.000    0.000    0.000 df_col.py:51(<dictcomp>)
       22    0.000    0.000    0.000    0.000 {built-in method posix.stat}
        5    0.000    0.000    0.000    0.000 {built-in method io.open_code}
        5    0.000    0.000    0.002    0.000 df_col.py:44(select)
        5    0.000    0.000    0.000    0.000 {built-in method marshal.loads}
      561    0.000    0.000    0.000    0.000 df_col.py:45(<genexpr>)
      561    0.000    0.000    0.000    0.000 df_row.py:42(<genexpr>)
       10    0.000    0.000    0.000    0.000 {built-in method builtins.__build_class__}
        5    0.000    0.000    0.000    0.000 df_col.py:46(<dictcomp>)
       11    0.000    0.000    0.000    0.000 <frozen importlib._bootstrap_external>:1604(find_spec)
       40    0.000    0.000    0.000    0.000 {built-in method time.time}
        5    0.000    0.000    0.000    0.000 {method '__exit__' of '_io._IOBase' objects}
        5    0.000    0.000    0.350    0.070 df_row.py:48(filter)
        6    0.000    0.000    0.001    0.000 <frozen importlib._bootstrap>:1054(_find_spec)
        5    0.000    0.000    0.001    0.000 <frozen importlib._bootstrap_external>:1007(get_code)
      6/3    0.000    0.000    0.003    0.001 <frozen importlib._bootstrap>:1165(_find_and_load)
       15    0.000    0.000    1.053    0.070 df_row.py:6(__init__)
        5    0.000    0.000    0.000    0.000 {method 'read' of '_io.BufferedReader' objects}
       56    0.000    0.000    0.000    0.000 <frozen importlib._bootstrap_external>:128(<listcomp>)
       56    0.000    0.000    0.000    0.000 <frozen importlib._bootstrap_external>:126(_path_join)
       42    0.000    0.000    0.000    0.000 {built-in method builtins.getattr}
        5    0.000    0.000    0.240    0.048 df_row.py:41(select)
       10    0.000    0.000    0.000    0.000 <frozen importlib._bootstrap_external>:437(cache_from_source)
        6    0.000    0.000    0.001    0.000 <frozen importlib._bootstrap_external>:1464(_get_spec)
        5    0.000    0.000    0.839    0.168 timing.py:17(make_row)
        1    0.000    0.000    0.000    0.000 {built-in method _imp.exec_dynamic}
       66    0.000    0.000    0.000    0.000 {built-in method builtins.len}
        6    0.000    0.000    0.000    0.000 <frozen importlib._bootstrap>:493(_init_module_attrs)
      6/3    0.000    0.000    0.002    0.001 <frozen importlib._bootstrap>:666(_load_unlocked)
        6    0.000    0.000    0.000    0.000 <frozen importlib._bootstrap>:179(_get_module_lock)
        1    0.000    0.000    0.001    0.001 csv.py:1(<module>)
        5    0.000    0.000    0.000    0.000 <frozen importlib._bootstrap_external>:1127(get_data)
      6/3    0.000    0.000    0.003    0.001 <frozen importlib._bootstrap>:1120(_find_and_load_unlocked)
        5    0.000    0.000    0.000    0.000 df_col.py:18(nrow)
        6    0.000    0.000    0.000    0.000 <frozen importlib._bootstrap_external>:778(spec_from_file_location)
      6/1    0.000    0.000    2.120    2.120 {built-in method builtins.exec}
        3    0.000    0.000    0.000    0.000 {built-in method _csv.register_dialect}
      5/3    0.000    0.000    0.002    0.001 <frozen importlib._bootstrap_external>:934(exec_module)
        6    0.000    0.000    0.000    0.000 <frozen importlib._bootstrap_external>:1599(_get_spec)
       64    0.000    0.000    0.000    0.000 <frozen importlib._bootstrap>:244(_verbose_message)
       10    0.000    0.000    0.000    0.000 <frozen importlib._bootstrap_external>:132(_path_split)
        6    0.000    0.000    0.001    0.000 <frozen importlib._bootstrap>:566(module_from_spec)
       66    0.000    0.000    0.000    0.000 {method 'join' of 'str' objects}
        6    0.000    0.000    0.000    0.000 <frozen importlib._bootstrap>:100(acquire)
        6    0.000    0.000    0.000    0.000 __init__.py:89(find_spec)
       13    0.000    0.000    0.000    0.000 <frozen importlib._bootstrap_external>:1421(_path_importer_cache)
        6    0.000    0.000    0.000    0.000 <frozen importlib._bootstrap>:125(release)
        6    0.000    0.000    0.000    0.000 <frozen importlib._bootstrap_external>:567(_get_cached)
        5    0.000    0.000    0.000    0.000 <frozen importlib._bootstrap_external>:727(_compile_bytecode)
        5    0.000    0.000    0.000    0.000 <frozen importlib._bootstrap_external>:642(_classify_pyc)
      122    0.000    0.000    0.000    0.000 {method 'rstrip' of 'str' objects}
       10    0.000    0.000    0.000    0.000 {built-in method builtins.max}
        6    0.000    0.000    0.000    0.000 <frozen importlib._bootstrap>:169(__enter__)
       15    0.000    0.000    0.000    0.000 <frozen importlib._bootstrap_external>:84(_unpack_uint32)
     13/6    0.000    0.000    0.001    0.000 <frozen importlib._bootstrap>:233(_call_with_frames_removed)
       24    0.000    0.000    0.000    0.000 <frozen importlib._bootstrap>:1030(__exit__)
       22    0.000    0.000    0.000    0.000 <frozen importlib._bootstrap_external>:140(_path_stat)
       11    0.000    0.000    0.000    0.000 <frozen importlib._bootstrap>:392(cached)
        6    0.000    0.000    0.001    0.000 <frozen importlib._bootstrap_external>:1496(find_spec)
        6    0.000    0.000    0.000    0.000 <frozen importlib._bootstrap>:198(cb)
        1    0.000    0.000    0.001    0.001 df_col.py:1(<module>)
       20    0.000    0.000    0.000    0.000 <frozen importlib._bootstrap_external>:134(<genexpr>)
       11    0.000    0.000    0.000    0.000 <frozen importlib._bootstrap_external>:67(_relax_case)
        6    0.000    0.000    0.000    0.000 {method 'format' of 'str' objects}
       24    0.000    0.000    0.000    0.000 <frozen importlib._bootstrap>:1026(__enter__)
        6    0.000    0.000    0.000    0.000 <frozen importlib._bootstrap>:71(__init__)
        5    0.000    0.000    0.000    0.000 <frozen importlib._bootstrap_external>:675(_validate_timestamp_pyc)
       33    0.000    0.000    0.000    0.000 {method 'rpartition' of 'str' objects}
       15    0.000    0.000    0.000    0.000 df_col.py:8(<genexpr>)
       23    0.000    0.000    0.000    0.000 {built-in method builtins.hasattr}
        5    0.000    0.000    0.000    0.000 <frozen importlib._bootstrap_external>:599(_check_name_wrapper)
        6    0.000    0.000    0.000    0.000 <frozen importlib._bootstrap>:173(__exit__)
       36    0.000    0.000    0.000    0.000 {built-in method _imp.release_lock}
       36    0.000    0.000    0.000    0.000 {built-in method _imp.acquire_lock}
        6    0.000    0.000    0.000    0.000 <frozen importlib._bootstrap>:920(find_spec)
        5    0.000    0.000    0.000    0.000 <frozen importlib._bootstrap_external>:1146(path_stats)
        6    0.000    0.000    0.000    0.000 <frozen importlib._bootstrap_external>:150(_path_is_mode_type)
        6    0.000    0.000    0.000    0.000 <frozen importlib._bootstrap_external>:159(_path_isfile)
        6    0.000    0.000    0.000    0.000 {built-in method builtins.locals}
        5    0.000    0.000    0.000    0.000 <frozen importlib._bootstrap>:48(_new_module)
       23    0.000    0.000    0.000    0.000 {built-in method builtins.isinstance}
       12    0.000    0.000    0.000    0.000 {built-in method _thread.allocate_lock}
        1    0.000    0.000    0.000    0.000 csv.py:80(DictReader)
        6    0.000    0.000    0.000    0.000 {built-in method _imp.is_builtin}
        6    0.000    0.000    0.000    0.000 <frozen importlib._bootstrap>:405(parent)
        6    0.000    0.000    0.000    0.000 <frozen importlib._bootstrap>:357(__init__)
        6    0.000    0.000    0.000    0.000 {built-in method _imp.find_frozen}
        1    0.000    0.000    0.000    0.000 df_row.py:1(<module>)
        1    0.000    0.000    0.000    0.000 csv.py:165(Sniffer)
        1    0.000    0.000    0.000    0.000 <frozen importlib._bootstrap_external>:1231(create_module)
       10    0.000    0.000    0.000    0.000 {method 'rfind' of 'str' objects}
        1    0.000    0.000    0.000    0.000 timing.py:68(<listcomp>)
        5    0.000    0.000    0.000    0.000 df_row.py:13(ncol)
        6    0.000    0.000    0.000    0.000 <frozen importlib._bootstrap_external>:180(_path_isabs)
        7    0.000    0.000    0.000    0.000 {method 'endswith' of 'str' objects}
        1    0.000    0.000    0.000    0.000 timing.py:67(<listcomp>)
        6    0.000    0.000    0.000    0.000 <frozen importlib._bootstrap>:748(find_spec)
        6    0.000    0.000    0.000    0.000 {method 'startswith' of 'str' objects}
       15    0.000    0.000    0.000    0.000 {built-in method from_bytes}
        1    0.000    0.000    0.000    0.000 df_row.py:5(DfRow)
        5    0.000    0.000    0.000    0.000 df_col.py:15(ncol)
       12    0.000    0.000    0.000    0.000 {method '__exit__' of '_thread.lock' objects}
        5    0.000    0.000    0.000    0.000 {built-in method _imp._fix_co_filename}
        1    0.000    0.000    0.000    0.000 <frozen io>:60(__getattr__)
        1    0.000    0.000    0.000    0.000 timing.py:66(setup)
       16    0.000    0.000    0.000    0.000 {built-in method posix.fspath}
        6    0.000    0.000    0.000    0.000 <frozen importlib._bootstrap>:165(__init__)
       18    0.000    0.000    0.000    0.000 {method 'get' of 'dict' objects}
        1    0.000    0.000    0.000    0.000 <frozen importlib._bootstrap_external>:1239(exec_module)
       12    0.000    0.000    0.000    0.000 {built-in method _thread.get_ident}
        1    0.000    0.000    0.000    0.000 df_col.py:5(DfCol)
        5    0.000    0.000    0.000    0.000 {method 'split' of 'str' objects}
        1    0.000    0.000    0.000    0.000 csv.py:23(Dialect)
        1    0.000    0.000    0.000    0.000 df_base.py:1(DataFrame)
        6    0.000    0.000    0.000    0.000 {method 'pop' of 'dict' objects}
        5    0.000    0.000    0.000    0.000 <frozen importlib._bootstrap_external>:1097(__init__)
        6    0.000    0.000    0.000    0.000 <frozen importlib._bootstrap>:413(has_location)
        1    0.000    0.000    0.000    0.000 csv.py:130(DictWriter)
        1    0.000    0.000    0.000    0.000 df_base.py:1(<module>)
        1    0.000    0.000    0.000    0.000 csv.py:54(excel)
        5    0.000    0.000    0.000    0.000 <frozen importlib._bootstrap_external>:1122(get_filename)
        6    0.000    0.000    0.000    0.000 __init__.py:96(<lambda>)
        5    0.000    0.000    0.000    0.000 <frozen importlib._bootstrap_external>:931(create_module)
        1    0.000    0.000    0.000    0.000 <frozen importlib._bootstrap_external>:1220(__init__)
        1    0.000    0.000    0.000    0.000 {method 'disable' of '_lsprof.Profiler' objects}
        1    0.000    0.000    0.000    0.000 {method 'setter' of 'property' objects}
        1    0.000    0.000    0.000    0.000 csv.py:69(unix_dialect)
        1    0.000    0.000    0.000    0.000 util.py:1(<module>)
        1    0.000    0.000    0.000    0.000 csv.py:64(excel_tab)


