         3007281 function calls (3003108 primitive calls) in 1.790 seconds

   Ordered by: internal time

   ncalls  tottime  percall  cumtime  percall filename:lineno(function)
  2319840    0.605    0.000    0.605    0.000 util.py:10(<genexpr>)
     1660    0.258    0.000    0.258    0.000 timing.py:20(<dictcomp>)
        5    0.201    0.040    0.408    0.082 df_col.py:50(filter)
     1660    0.176    0.000    0.176    0.000 df_col.py:53(<dictcomp>)
     1660    0.158    0.000    0.158    0.000 timing.py:13(<listcomp>)
8066/3916    0.146    0.000    0.851    0.000 {built-in method builtins.all}
     4150    0.096    0.000    0.846    0.000 util.py:7(dict_match)
     1660    0.050    0.000    0.050    0.000 df_row.py:43(<dictcomp>)
        5    0.049    0.010    0.049    0.010 df_row.py:49(<listcomp>)
   631305    0.027    0.000    0.027    0.000 {method 'append' of 'list' objects}
        1    0.005    0.005    1.790    1.790 timing.py:1(<module>)
       15    0.002    0.000    0.006    0.000 df_col.py:6(__init__)
     4165    0.002    0.000    0.848    0.000 df_row.py:8(<genexpr>)
     3891    0.001    0.000    0.003    0.000 util.py:2(all_eq)
        1    0.001    0.001    1.782    1.782 timing.py:51(sweep)
       10    0.001    0.000    0.214    0.021 timing.py:42(time_select)
     7782    0.001    0.000    0.001    0.000 util.py:3(<genexpr>)
       10    0.001    0.000    0.687    0.069 timing.py:30(time_filter)
     1660    0.001    0.000    0.159    0.000 timing.py:12(_col)
     1660    0.001    0.000    0.259    0.000 timing.py:19(_row)
        5    0.001    0.000    0.159    0.032 timing.py:14(<dictcomp>)
        1    0.001    0.001    0.001    0.001 {built-in method _imp.create_dynamic}
        5    0.001    0.000    0.050    0.010 df_row.py:43(<listcomp>)
     3320    0.001    0.000    0.001    0.000 timing.py:31(f)
        5    0.000    0.000    0.259    0.052 timing.py:23(<listcomp>)
     8305    0.000    0.000    0.000    0.000 {method 'keys' of 'dict' objects}
       10    0.000    0.000    0.000    0.000 timing.py:43(<listcomp>)
        5    0.000    0.000    0.000    0.000 timing.py:18(<listcomp>)
     3876    0.000    0.000    0.000    0.000 df_col.py:10(<genexpr>)
        5    0.000    0.000    0.000    0.000 df_col.py:51(<dictcomp>)
       10    0.000    0.000    0.000    0.000 timing.py:44(<listcomp>)
       22    0.000    0.000    0.000    0.000 {built-in method posix.stat}
        5    0.000    0.000    0.000    0.000 {built-in method marshal.loads}
        5    0.000    0.000    0.162    0.032 timing.py:11(make_col)
      561    0.000    0.000    0.000    0.000 df_row.py:42(<genexpr>)
       10    0.000    0.000    0.000    0.000 {built-in method builtins.__build_class__}
        5    0.000    0.000    0.000    0.000 {built-in method io.open_code}
        6    0.000    0.000    0.000    0.000 {built-in method posix.getcwd}
      561    0.000    0.000    0.000    0.000 df_col.py:45(<genexpr>)
       11    0.000    0.000    0.000    0.000 <frozen importlib._bootstrap_external>:1604(find_spec)
        5    0.000    0.000    0.000    0.000 df_col.py:46(<dictcomp>)
        6    0.000    0.000    0.001    0.000 <frozen importlib._bootstrap>:1056(_find_spec)
       40    0.000    0.000    0.000    0.000 {built-in method time.time}
       56    0.000    0.000    0.000    0.000 <frozen importlib._bootstrap_external>:128(<listcomp>)
        5    0.000    0.000    0.000    0.000 <frozen importlib._bootstrap_external>:1007(get_code)
        5    0.000    0.000    0.001    0.000 df_col.py:44(select)
       56    0.000    0.000    0.000    0.000 <frozen importlib._bootstrap_external>:126(_path_join)
      6/3    0.000    0.000    0.002    0.001 <frozen importlib._bootstrap>:1167(_find_and_load)
       10    0.000    0.000    0.000    0.000 <frozen importlib._bootstrap_external>:437(cache_from_source)
       42    0.000    0.000    0.000    0.000 {built-in method builtins.getattr}
        6    0.000    0.000    0.000    0.000 <frozen importlib._bootstrap_external>:1464(_get_spec)
       15    0.000    0.000    0.848    0.057 df_row.py:6(__init__)
        5    0.000    0.000    0.000    0.000 {method 'read' of '_io.BufferedReader' objects}
        5    0.000    0.000    0.000    0.000 df_col.py:18(nrow)
        6    0.000    0.000    0.000    0.000 <frozen importlib._bootstrap>:493(_init_module_attrs)
        6    0.000    0.000    0.000    0.000 <frozen importlib._bootstrap>:179(_get_module_lock)
        1    0.000    0.000    0.000    0.000 {built-in method _imp.exec_dynamic}
      6/3    0.000    0.000    0.002    0.001 <frozen importlib._bootstrap>:666(_load_unlocked)
        5    0.000    0.000    0.718    0.144 timing.py:17(make_row)
      6/3    0.000    0.000    0.002    0.001 <frozen importlib._bootstrap>:1122(_find_and_load_unlocked)
        3    0.000    0.000    0.000    0.000 {built-in method _csv.register_dialect}
        1    0.000    0.000    0.001    0.001 csv.py:1(<module>)
        6    0.000    0.000    0.000    0.000 <frozen importlib._bootstrap_external>:778(spec_from_file_location)
       64    0.000    0.000    0.000    0.000 <frozen importlib._bootstrap>:244(_verbose_message)
        5    0.000    0.000    0.000    0.000 <frozen importlib._bootstrap_external>:1127(get_data)
      5/3    0.000    0.000    0.002    0.001 <frozen importlib._bootstrap_external>:934(exec_module)
        6    0.000    0.000    0.001    0.000 <frozen importlib._bootstrap>:566(module_from_spec)
       10    0.000    0.000    0.000    0.000 <frozen importlib._bootstrap_external>:132(_path_split)
      6/1    0.000    0.000    1.790    1.790 {built-in method builtins.exec}
        6    0.000    0.000    0.000    0.000 __init__.py:89(find_spec)
        6    0.000    0.000    0.000    0.000 <frozen importlib._bootstrap>:100(acquire)
        5    0.000    0.000    0.211    0.042 df_row.py:41(select)
        6    0.000    0.000    0.000    0.000 <frozen importlib._bootstrap_external>:1599(_get_spec)
        6    0.000    0.000    0.000    0.000 <frozen importlib._bootstrap_external>:567(_get_cached)
        5    0.000    0.000    0.000    0.000 {method '__exit__' of '_io._IOBase' objects}
        6    0.000    0.000    0.000    0.000 <frozen importlib._bootstrap>:125(release)
       66    0.000    0.000    0.000    0.000 {built-in method builtins.len}
       66    0.000    0.000    0.000    0.000 {method 'join' of 'str' objects}
        6    0.000    0.000    0.000    0.000 <frozen importlib._bootstrap>:169(__enter__)
       15    0.000    0.000    0.000    0.000 <frozen importlib._bootstrap_external>:84(_unpack_uint32)
        5    0.000    0.000    0.000    0.000 <frozen importlib._bootstrap_external>:727(_compile_bytecode)
        5    0.000    0.000    0.000    0.000 <frozen importlib._bootstrap_external>:642(_classify_pyc)
      122    0.000    0.000    0.000    0.000 {method 'rstrip' of 'str' objects}
       13    0.000    0.000    0.000    0.000 <frozen importlib._bootstrap_external>:1421(_path_importer_cache)
        5    0.000    0.000    0.278    0.056 df_row.py:48(filter)
       24    0.000    0.000    0.000    0.000 <frozen importlib._bootstrap>:1032(__exit__)
        6    0.000    0.000    0.000    0.000 <frozen importlib._bootstrap_external>:1496(find_spec)
     13/6    0.000    0.000    0.001    0.000 <frozen importlib._bootstrap>:233(_call_with_frames_removed)
       22    0.000    0.000    0.000    0.000 <frozen importlib._bootstrap_external>:140(_path_stat)
       20    0.000    0.000    0.000    0.000 <frozen importlib._bootstrap_external>:134(<genexpr>)
       24    0.000    0.000    0.000    0.000 <frozen importlib._bootstrap>:1028(__enter__)
       11    0.000    0.000    0.000    0.000 <frozen importlib._bootstrap>:392(cached)
       10    0.000    0.000    0.000    0.000 {built-in method builtins.max}
        5    0.000    0.000    0.000    0.000 <frozen importlib._bootstrap_external>:675(_validate_timestamp_pyc)
        6    0.000    0.000    0.000    0.000 <frozen importlib._bootstrap>:198(cb)
        1    0.000    0.000    0.000    0.000 df_col.py:1(<module>)
        6    0.000    0.000    0.000    0.000 <frozen importlib._bootstrap>:71(__init__)
       36    0.000    0.000    0.000    0.000 {built-in method _imp.release_lock}
        5    0.000    0.000    0.000    0.000 <frozen importlib._bootstrap_external>:599(_check_name_wrapper)
        6    0.000    0.000    0.000    0.000 <frozen importlib._bootstrap>:173(__exit__)
       36    0.000    0.000    0.000    0.000 {built-in method _imp.acquire_lock}
        6    0.000    0.000    0.000    0.000 <frozen importlib._bootstrap_external>:150(_path_is_mode_type)
       11    0.000    0.000    0.000    0.000 <frozen importlib._bootstrap_external>:67(_relax_case)
        6    0.000    0.000    0.000    0.000 <frozen importlib._bootstrap_external>:159(_path_isfile)
       33    0.000    0.000    0.000    0.000 {method 'rpartition' of 'str' objects}
        6    0.000    0.000    0.000    0.000 {method 'format' of 'str' objects}
        6    0.000    0.000    0.000    0.000 <frozen importlib._bootstrap>:922(find_spec)
        6    0.000    0.000    0.000    0.000 <frozen importlib._bootstrap>:357(__init__)
        1    0.000    0.000    0.000    0.000 csv.py:80(DictReader)
        5    0.000    0.000    0.000    0.000 <frozen importlib._bootstrap_external>:1146(path_stats)
       23    0.000    0.000    0.000    0.000 {built-in method builtins.hasattr}
        6    0.000    0.000    0.000    0.000 {built-in method _imp.is_builtin}
        6    0.000    0.000    0.000    0.000 <frozen importlib._bootstrap>:748(find_spec)
        1    0.000    0.000    0.000    0.000 df_row.py:1(<module>)
       15    0.000    0.000    0.000    0.000 df_col.py:8(<genexpr>)
        1    0.000    0.000    0.000    0.000 df_col.py:5(DfCol)
        6    0.000    0.000    0.000    0.000 <frozen importlib._bootstrap>:405(parent)
        6    0.000    0.000    0.000    0.000 <frozen importlib._bootstrap_external>:180(_path_isabs)
        1    0.000    0.000    0.000    0.000 timing.py:69(<listcomp>)
        5    0.000    0.000    0.000    0.000 <frozen importlib._bootstrap>:48(_new_module)
       12    0.000    0.000    0.000    0.000 {built-in method _thread.allocate_lock}
       23    0.000    0.000    0.000    0.000 {built-in method builtins.isinstance}
        6    0.000    0.000    0.000    0.000 {built-in method builtins.locals}
        1    0.000    0.000    0.000    0.000 timing.py:68(<listcomp>)
       10    0.000    0.000    0.000    0.000 {method 'rfind' of 'str' objects}
       15    0.000    0.000    0.000    0.000 {built-in method from_bytes}
       12    0.000    0.000    0.000    0.000 {method '__exit__' of '_thread.lock' objects}
        1    0.000    0.000    0.000    0.000 {method 'disable' of '_lsprof.Profiler' objects}
        6    0.000    0.000    0.000    0.000 <frozen importlib._bootstrap>:165(__init__)
        6    0.000    0.000    0.000    0.000 {built-in method _imp.find_frozen}
       18    0.000    0.000    0.000    0.000 {method 'get' of 'dict' objects}
        7    0.000    0.000    0.000    0.000 {method 'endswith' of 'str' objects}
        5    0.000    0.000    0.000    0.000 {built-in method _imp._fix_co_filename}
        6    0.000    0.000    0.000    0.000 {method 'startswith' of 'str' objects}
        5    0.000    0.000    0.000    0.000 df_row.py:13(ncol)
        1    0.000    0.000    0.001    0.001 <frozen importlib._bootstrap_external>:1231(create_module)
       16    0.000    0.000    0.000    0.000 {built-in method posix.fspath}
        1    0.000    0.000    0.000    0.000 timing.py:67(setup)
        5    0.000    0.000    0.000    0.000 <frozen importlib._bootstrap_external>:1097(__init__)
        5    0.000    0.000    0.000    0.000 df_col.py:15(ncol)
       12    0.000    0.000    0.000    0.000 {built-in method _thread.get_ident}
        1    0.000    0.000    0.000    0.000 <frozen io>:60(__getattr__)
        1    0.000    0.000    0.000    0.000 csv.py:23(Dialect)
        1    0.000    0.000    0.000    0.000 df_row.py:5(DfRow)
        1    0.000    0.000    0.000    0.000 df_base.py:1(DataFrame)
        6    0.000    0.000    0.000    0.000 {method 'pop' of 'dict' objects}
        1    0.000    0.000    0.000    0.000 <frozen importlib._bootstrap_external>:1239(exec_module)
        5    0.000    0.000    0.000    0.000 {method 'split' of 'str' objects}
        5    0.000    0.000    0.000    0.000 <frozen importlib._bootstrap_external>:1122(get_filename)
        1    0.000    0.000    0.000    0.000 csv.py:165(Sniffer)
        6    0.000    0.000    0.000    0.000 <frozen importlib._bootstrap>:413(has_location)
        1    0.000    0.000    0.000    0.000 csv.py:130(DictWriter)
        1    0.000    0.000    0.000    0.000 df_base.py:1(<module>)
        5    0.000    0.000    0.000    0.000 <frozen importlib._bootstrap_external>:931(create_module)
        6    0.000    0.000    0.000    0.000 __init__.py:96(<lambda>)
        1    0.000    0.000    0.000    0.000 csv.py:54(excel)
        1    0.000    0.000    0.000    0.000 {method 'setter' of 'property' objects}
        1    0.000    0.000    0.000    0.000 csv.py:69(unix_dialect)
        1    0.000    0.000    0.000    0.000 util.py:1(<module>)
        1    0.000    0.000    0.000    0.000 <frozen importlib._bootstrap_external>:1220(__init__)
        1    0.000    0.000    0.000    0.000 csv.py:64(excel_tab)


