nrow,ncol,filter_col,select_col,filter_row,select_row
1000,1000,3.03e-01,6.26e-04,1.89e-01,1.25e-01
         2370750 function calls (2368230 primitive calls) in 1.136 \
         seconds

   Ordered by: internal time

   ncalls  tottime  percall  cumtime  percall filename:lineno(function)
  1836500    0.320    0.000    0.320    0.000 util.py:7(<genexpr>)
        1    0.154    0.154    0.302    0.302 df_col.py:54(filter)
     1000    0.137    0.000    0.137    0.000 timing.py:22(<dictcomp>)
4842/2342    0.132    0.000    0.524    0.000 {built-in method \
builtins.all}
     1000    0.107    0.000    0.107    0.000 df_col.py:58(<dictcomp>)
     1000    0.077    0.000    0.077    0.000 timing.py:13(<listcomp>)
     2500    0.069    0.000    0.521    0.000 util.py:4(dict_match)
        1    0.046    0.046    0.047    0.047 df_row.py:50(<listcomp>)
   500004    0.039    0.000    0.039    0.000 {method 'append' of 'list' \
   objects}
     1000    0.028    0.000    0.028    0.000 df_row.py:43(<dictcomp>)
        1    0.010    0.010    1.136    1.136 timing.py:1(<module>)
        5    0.001    0.000    0.001    0.000 {method 'read' of \
        '_io.BufferedReader' objects}
        3    0.001    0.000    0.003    0.001 df_col.py:8(__init__)
